example/build/app/outputs/mapping/release/seeds.txt
com.samarth.flutter_upi_example.MainActivity
com.samarth.flutter_upi_example.MainActivity: MainActivity()
...
com.pichillilorenzo.flutter_inappwebview.R$attr: int contentDescription
androidx.appcompat.R$layout: int abc_dialog_title_material
androidx.appcompat.R$style: int Base_ThemeOverlay_AppCompat_Dialog
androidx.lifecycle.ReportFragment$LifecycleCallbacks: void onActivityPreStopped(android.app.Activity)
io.flutter.embedding.android.FlutterView
androidx.appcompat.R$attr: int titleTextAppearance
androidx.appcompat.R$style: int TextAppearance_AppCompat_Widget_Button
com.pichillilorenzo.flutter_inappwebview.JavaScriptBridgeInterface: void dispose()
androidx.appcompat.widget.AppCompatRadioButton: void setBackgroundResource(int)
com.pichillilorenzo.flutter_inappwebview.in_app_webview.InAppWebViewRenderProcessClient$2
com.pichillilorenzo.flutter_inappwebview.types.URLAuthenticationChallenge: java.util.Map toMap()
com.pichillilorenzo.flutter_inappwebview.types.URLProtectionSpace: void setPort(int)
androidx.appcompat.R$id: int off
com.pichillilorenzo.flutter_inappwebview.MyWebStorage: void getQuotaForOrigin(java.lang.String,io.flutter.plugin.common.MethodChannel$Result)
com.pichillilorenzo.flutter_inappwebview.types.Size2D: double height
com.pichillilorenzo.flutter_inappwebview.in_app_webview.InAppWebViewOptions: java.lang.String regexToCancelSubFramesLoading
com.pichillilorenzo.flutter_inappwebview.MyCookieManager$3: void onReceiveValue(java.lang.Boolean)
com.pichillilorenzo.flutter_inappwebview.R$layout: int abc_activity_chooser_view
com.pichillilorenzo.flutter_inappwebview.R$styleable: int[] ColorStateListItem
androidx.appcompat.R$color: int abc_decor_view_status_guard_light
androidx.swiperefreshlayout.widget.SwipeRefreshLayout: void setLegacyRequestDisallowInterceptTouchEventEnabled(boolean)
com.pichillilorenzo.flutter_inappwebview.types.CreateWindowAction: void setDialog(boolean)
androidx.appcompat.R$dimen: int abc_seekbar_track_background_height_material
com.pichillilorenzo.flutter_inappwebview.in_app_webview.InAppWebViewChromeClient$16: void error(java.lang.String,java.lang.String,java.lang.Object)
com.pichillilorenzo.flutter_inappwebview.in_app_webview.InAppWebViewChromeClient: java.lang.String DEFAULT_MIME_TYPES
com.pichillilorenzo.flutter_inappwebview.R$dimen: int abc_text_size_medium_material
com.pichillilorenzo.flutter_inappwebview.types.NavigationAction: com.pichillilorenzo.flutter_inappwebview.types.URLRequest getRequest()
com.pichillilorenzo.flutter_inappwebview.plugin_scripts_js.PluginScriptsUtil: java.lang.String VAR_PLACEHOLDER_VALUE
androidx.swiperefreshlayout.widget.SwipeRefreshLayout: android.view.animation.Animation mAnimateToCorrectPosition
com.pichillilorenzo.flutter_inappwebview.R$styleable: int ActionBar_indeterminateProgressStyle
com.pichillilorenzo.flutter_inappwebview.in_app_webview.InAppWebView$2: com.pichillilorenzo.flutter_inappwebview.in_app_webview.InAppWebView this$0
androidx.swiperefreshlayout.widget.SwipeRefreshLayout: void onLayout(boolean,int,int,int,int)
com.pichillilorenzo.flutter_inappwebview.content_blocker.ContentBlockerTrigger: void setUnlessTopUrl(java.util.List)
androidx.appcompat.widget.SearchView: void setMaxWidth(int)
androidx.core.R$styleable: int[] GradientColor
com.pichillilorenzo.flutter_inappwebview.chrome_custom_tabs.ChromeCustomTabsOptions: com.pichillilorenzo.flutter_inappwebview.chrome_custom_tabs.ChromeCustomTabsOptions parse(java.util.Map)
com.pichillilorenzo.flutter_inappwebview.in_app_webview.InAppWebViewOptions: java.lang.Boolean horizontalScrollBarEnabled
com.pichillilorenzo.flutter_inappwebview.R$drawable: int abc_ic_voice_search_api_material
androidx.appcompat.R$styleable: int ActionBar_titleTextStyle
androidx.appcompat.widget.AppCompatImageButton: android.content.res.ColorStateList getSupportBackgroundTintList()
com.pichillilorenzo.flutter_inappwebview.types.URLProtectionSpace: java.lang.String realm
androidx.appcompat.R$style: int Widget_AppCompat_ListView_DropDown