example/build/app/outputs/mapping/release/mapping.txt
# compiler: R8
# compiler_version: 2.0.88
# min_api: 19
# pg_map_id: 9fde102
# common_typos_disable
...
okhttp3.internal.http2.Http2Stream$StreamTimeout -> e.k0.k.i$c:
    okhttp3.internal.http2.Http2Stream this$0 -> k
    java.io.IOException newTimeoutException(java.io.IOException) -> o
    void timedOut() -> t
    void exitAndThrowIfTimedOut() -> u
okhttp3.internal.http2.Http2Writer -> e.k0.k.j:
    okhttp3.internal.http2.Hpack$Writer hpackWriter -> g
    java.util.logging.Logger logger -> h
    okio.Buffer hpackBuffer -> d
    okio.BufferedSink sink -> b
    boolean closed -> f
    int maxFrameSize -> e
    boolean client -> c
    void connectionPreface() -> A
    void data(boolean,int,okio.Buffer,int) -> B
    void dataFrame(int,byte,okio.Buffer,int) -> C
    void frameHeader(int,int,byte,byte) -> D
    void goAway(int,okhttp3.internal.http2.ErrorCode,byte[]) -> E
    void headers(boolean,int,java.util.List) -> F
    int maxDataLength() -> G
    void ping(boolean,int,int) -> H
    void pushPromise(int,int,java.util.List) -> I
    void rstStream(int,okhttp3.internal.http2.ErrorCode) -> J
    void settings(okhttp3.internal.http2.Settings) -> K
    void windowUpdate(int,long) -> L
    void writeContinuationFrames(int,long) -> M
    void writeMedium(okio.BufferedSink,int) -> N
    void applyAndAckSettings(okhttp3.internal.http2.Settings) -> r
okhttp3.internal.http2.Huffman -> e.k0.k.k:
    int[] CODES -> b
    okhttp3.internal.http2.Huffman INSTANCE -> d
    byte[] CODE_LENGTHS -> c
    okhttp3.internal.http2.Huffman$Node root -> a
    void addCode(int,int,byte) -> a
    void buildTree() -> b
    byte[] decode(byte[]) -> c
    void encode(okio.ByteString,okio.BufferedSink) -> d
    int encodedLength(okio.ByteString) -> e
    okhttp3.internal.http2.Huffman get() -> f
okhttp3.internal.http2.Huffman$Node -> e.k0.k.k$a:
    okhttp3.internal.http2.Huffman$Node[] children -> a
    int symbol -> b
    int terminalBits -> c
okhttp3.internal.http2.PushObserver -> e.k0.k.l:
    okhttp3.internal.http2.PushObserver CANCEL -> a
    boolean onRequest(int,java.util.List) -> a
    boolean onHeaders(int,java.util.List,boolean) -> b
    void onReset(int,okhttp3.internal.http2.ErrorCode) -> c
    boolean onData(int,okio.BufferedSource,int,boolean) -> d
okhttp3.internal.http2.PushObserver$1 -> e.k0.k.l$a:
    boolean onRequest(int,java.util.List) -> a
    boolean onHeaders(int,java.util.List,boolean) -> b
    void onReset(int,okhttp3.internal.http2.ErrorCode) -> c
    boolean onData(int,okio.BufferedSource,int,boolean) -> d
okhttp3.internal.http2.Settings -> e.k0.k.m:
    int[] values -> b
    int set -> a
    void clear() -> a
    int get(int) -> b
    int getHeaderTableSize() -> c
    int getInitialWindowSize() -> d
    int getMaxConcurrentStreams(int) -> e
    int getMaxFrameSize(int) -> f
    boolean isSet(int) -> g
    void merge(okhttp3.internal.http2.Settings) -> h
    okhttp3.internal.http2.Settings set(int,int) -> i
    int size() -> j
okhttp3.internal.http2.StreamResetException -> e.k0.k.n:
    okhttp3.internal.http2.ErrorCode errorCode -> b
okhttp3.internal.platform.Android10Platform -> e.k0.l.a:
    void configureTlsExtensions(javax.net.ssl.SSLSocket,java.lang.String,java.util.List) -> g
    java.lang.String getSelectedProtocol(javax.net.ssl.SSLSocket) -> l
    okhttp3.internal.platform.Platform buildIfSupported() -> t
    void enableSessionTickets(javax.net.ssl.SSLSocket) -> v