example/build/app/outputs/mapping/release/usage.txt
com.samarth.flutter_upi_example.R
com.samarth.flutter_upi_example.R$style
com.samarth.flutter_upi_example.R$id
com.samarth.flutter_upi_example.R$dimen
com.samarth.flutter_upi_example.R$drawable
com.samarth.flutter_upi_example.R$mipmap
com.samarth.flutter_upi_example.BuildConfig
com.samarth.flutter_upi_example.R$color
com.samarth.flutter_upi_example.R$interpolator
com.samarth.flutter_upi_example.R$anim
com.samarth.flutter_upi_example.R$attr
com.samarth.flutter_upi_example.R$styleable
com.samarth.flutter_upi_example.R$layout
com.samarth.flutter_upi_example.R$bool
com.samarth.flutter_upi_example.R$string
com.samarth.flutter_upi_example.R$integer
com.samarth.flutter_upi_example.R$menu
com.samarth.flutter_upi_example.R$xml
...
io.flutter.embedding.engine.systemchannels.LifecycleChannel:
    public void appIsDetached()
    private static final java.lang.String TAG
androidx.core.app.NotificationManagerCompat$ServiceConnectedEvent
org.junit.experimental.results.FailureList
androidx.appcompat.app.ActionBar$OnNavigationListener
io.flutter.view.FlutterView$Provider:
    public abstract io.flutter.view.FlutterView getFlutterView()
androidx.core.content.SharedPreferencesCompat$EditorCompat$Helper
androidx.core.view.inputmethod.InputConnectionCompat$2
androidx.webkit.TracingController
androidx.core.view.DragStartHelper$1
androidx.core.view.accessibility.AccessibilityManagerCompat$AccessibilityStateChangeListenerWrapper
io.flutter.embedding.engine.systemchannels.LocalizationChannel:
    private static final java.lang.String TAG
androidx.core.app.JobIntentService$WorkEnqueuer
org.junit.experimental.theories.internal.AllMembersSupplier$1
androidx.appcompat.app.ToolbarActionBar:
    public void setCustomView(android.view.View)
    public void setCustomView(android.view.View,androidx.appcompat.app.ActionBar$LayoutParams)
    public void setCustomView(int)
    public void setIcon(int)
    public void setIcon(android.graphics.drawable.Drawable)
    public void setLogo(int)
    public void setLogo(android.graphics.drawable.Drawable)
    public void setStackedBackgroundDrawable(android.graphics.drawable.Drawable)
    public void setSplitBackgroundDrawable(android.graphics.drawable.Drawable)
    public void setHomeButtonEnabled(boolean)
    public void setElevation(float)
    public float getElevation()
    public boolean isTitleTruncated()
    public void setHomeAsUpIndicator(android.graphics.drawable.Drawable)
    public void setHomeAsUpIndicator(int)
    public void setHomeActionContentDescription(java.lang.CharSequence)
    public void setHomeActionContentDescription(int)
    public void setListNavigationCallbacks(android.widget.SpinnerAdapter,androidx.appcompat.app.ActionBar$OnNavigationListener)
    public void setSelectedNavigationItem(int)
    public int getSelectedNavigationIndex()
    public int getNavigationItemCount()
    public void setTitle(int)
    public boolean requestFocus()
    public void setSubtitle(java.lang.CharSequence)
    public void setSubtitle(int)
    public void setDisplayOptions(int)
    public void setDisplayUseLogoEnabled(boolean)
    public void setDisplayShowHomeEnabled(boolean)
io.flutter.embedding.engine.systemchannels.AccessibilityChannel:
    private static final java.lang.String TAG
okhttp3.Cache$2
okhttp3.internal.io.FileSystem$1
io.flutter.embedding.android.AndroidTouchProcessor$PointerChange
okhttp3.internal.ws.RealWebSocket$Close
androidx.core.hardware.fingerprint.FingerprintManagerCompat$AuthenticationResult
androidx.fragment.app.Fragment$SavedState
junit.framework.TestSuite
org.junit.internal.builders.JUnit3Builder
androidx.vectordrawable.R$id
androidx.appcompat.widget.SearchView:
    public boolean isIconfiedByDefault()
    public boolean isSubmitButtonEnabled()
    public boolean isQueryRefinementEnabled()
    static final boolean DBG
    static final java.lang.String LOG_TAG
    private static final java.lang.String IME_OPTION_NO_MICROPHONE
okhttp3.internal.http2.Header:
    public static final java.lang.String RESPONSE_STATUS_UTF8
    public static final java.lang.String TARGET_METHOD_UTF8
    public static final java.lang.String TARGET_PATH_UTF8
    public static final java.lang.String TARGET_SCHEME_UTF8
    public static final java.lang.String TARGET_AUTHORITY_UTF8
io.flutter.plugins.webviewflutter.R$layout
androidx.core.app.NotificationCompat$InboxStyle
org.hamcrest.core.IsSame
androidx.browser.customtabs.CustomTabsSession$PendingSession
androidx.webkit.WebViewAssetLoader$AssetsPathHandler
androidx.appcompat.resources.R$attr
androidx.webkit.WebViewAssetLoader$PathHandler
androidx.core.app.FrameMetricsAggregator$FrameMetricsApi24Impl
androidx.customview.widget.FocusStrategy